<?xml version="1.0" encoding="UTF-8"?>
<testng-results skipped="0" failed="0" ignored="0" total="1" passed="1">
  <reporter-output>
  </reporter-output>
  <suite name="Default suite" duration-ms="5729" started-at="2018-10-11T04:30:57Z" finished-at="2018-10-11T04:31:02Z">
    <groups>
    </groups>
    <test name="Default test" duration-ms="5729" started-at="2018-10-11T04:30:57Z" finished-at="2018-10-11T04:31:02Z">
      <class name="rupali.amazon">
        <test-method status="PASS" signature="login()[pri:0, instance:rupali.amazon@2a5ca609]" name="login" duration-ms="5675" started-at="2018-10-11T04:30:57Z" finished-at="2018-10-11T04:31:02Z">
          <reporter-output>
          </reporter-output>
        </test-method> <!-- login -->
      </class> <!-- rupali.amazon -->
    </test> <!-- Default test -->
  </suite> <!-- Default suite -->
</testng-results>
